<?xml version="1.0" encoding="UTF-8"?>
<!-- Generated by org.testng.reporters.JUnitXMLReporter -->
<testsuite ignored="0" hostname="DESKTOP-EHF4V10" failures="0" tests="3" name="Default test" time="7.99" errors="0" timestamp="2025-09-25T05:09:38 IST">
  <testcase classname="TestNG.FB_LoginPage2" name="ts1" time="0.148"/>
  <testcase classname="TestNG.FB_LoginPage2" name="ts2" time="0.056"/>
  <testcase classname="TestNG.FB_LoginPage2" name="ts3" time="0.085"/>
</testsuite> <!-- Default test -->
