<?xml version="1.0" encoding="UTF-8"?>
<!-- Generated by org.testng.reporters.JUnitReportReporter -->
<testsuite hostname="DESKTOP-EHF4V10" failures="0" tests="3" name="TestNG.FB_LoginPage2" time="7.352" errors="0" timestamp="2025-09-25T05:16:45 IST" skipped="0">
  <testcase classname="TestNG.FB_LoginPage2" name="ts3" time="2.297"/>
  <testcase classname="TestNG.FB_LoginPage2" name="ts2" time="2.415"/>
  <testcase classname="TestNG.FB_LoginPage2" name="ts1" time="2.640"/>
</testsuite> <!-- TestNG.FB_LoginPage2 -->
