<?xml version="1.0" encoding="UTF-8"?>
<!-- Generated by org.testng.reporters.JUnitReportReporter -->
<testsuite hostname="DESKTOP-EHF4V10" failures="0" tests="6" name="Annotations2" time="0.022" errors="0" timestamp="2025-09-23T06:16:24 IST" skipped="0">
  <testcase classname="Annotations2" name="ts0" time="0.011"/>
  <testcase classname="Annotations2" name="ts3" time="0.001"/>
  <testcase classname="Annotations2" name="ts3" time="0.002"/>
  <testcase classname="Annotations2" name="ts3" time="0.002"/>
  <testcase classname="Annotations2" name="ts2" time="0.003"/>
  <testcase classname="Annotations2" name="ts1" time="0.003"/>
</testsuite> <!-- Annotations2 -->
