<?xml version="1.0" encoding="UTF-8"?>
<!-- Generated by org.testng.reporters.JUnitReportReporter -->
<testsuite hostname="DESKTOP-EHF4V10" failures="0" tests="3" name="TestNG.Annotations" time="0.015" errors="0" timestamp="2025-09-25T05:16:45 IST" skipped="0">
  <testcase classname="TestNG.Annotations" name="check2" time="0.005"/>
  <testcase classname="TestNG.Annotations" name="check3" time="0.006"/>
  <testcase classname="TestNG.Annotations" name="check4" time="0.004"/>
</testsuite> <!-- TestNG.Annotations -->
