<?xml version="1.0" encoding="UTF-8"?>
<!-- Generated by org.testng.reporters.JUnitReportReporter -->
<testsuite hostname="DESKTOP-EHF4V10" failures="0" tests="6" name="TestNG.Annotations2" time="0.021" errors="0" timestamp="2025-09-25T05:22:32 IST" skipped="0">
  <testcase classname="TestNG.Annotations2" name="ts3" time="0.004"/>
  <testcase classname="TestNG.Annotations2" name="ts3" time="0.004"/>
  <testcase classname="TestNG.Annotations2" name="ts3" time="0.003"/>
  <testcase classname="TestNG.Annotations2" name="ts0" time="0.003"/>
  <testcase classname="TestNG.Annotations2" name="ts2" time="0.004"/>
  <testcase classname="TestNG.Annotations2" name="ts1" time="0.003"/>
</testsuite> <!-- TestNG.Annotations2 -->
