<?xml version="1.0" encoding="UTF-8"?>
<!-- Generated by org.testng.reporters.JUnitXMLReporter -->
<testsuite ignored="0" hostname="DESKTOP-EHF4V10" failures="0" tests="19" name="Test" time="44.899" errors="0" timestamp="2025-09-25T05:16:44 IST">
  <testcase classname="TestNG.Fast" name="Speed" time="0.164"/>
  <testcase classname="TestNG.Annotations2" name="ts0" time="0.005"/>
  <testcase classname="TestNG.Annotations2" name="ts3" time="0.006"/>
  <testcase classname="TestNG.Annotations2" name="ts3" time="0.005"/>
  <testcase classname="TestNG.Annotations2" name="ts3" time="0.003"/>
  <testcase classname="TestNG.Annotations2" name="ts2" time="0.003"/>
  <testcase classname="TestNG.Annotations2" name="ts1" time="0.002"/>
  <testcase classname="TestNG.Annotations" name="check2" time="0.003"/>
  <testcase classname="TestNG.Annotations" name="check3" time="0.004"/>
  <testcase classname="TestNG.Annotations" name="check4" time="0.004"/>
  <testcase classname="TestNG.DP_Class" name="m1" time="2.765"/>
  <testcase classname="TestNG.DP_Class" name="m1" time="3.11"/>
  <testcase classname="TestNG.DP_Class" name="m1" time="2.438"/>
  <testcase classname="TestNG.TestNG" name="ts1" time="0.002"/>
  <testcase classname="TestNG.TestNG" name="ts2" time="0.006"/>
  <testcase classname="TestNG.TestNG" name="ts3" time="0.003"/>
  <testcase classname="TestNG.FB_LoginPage2" name="ts1" time="0.142"/>
  <testcase classname="TestNG.FB_LoginPage2" name="ts2" time="0.089"/>
  <testcase classname="TestNG.FB_LoginPage2" name="ts3" time="0.048"/>
</testsuite> <!-- Test -->
