<?xml version="1.0" encoding="UTF-8"?>
<testng-results ignored="0" total="7" passed="7" failed="0" skipped="0">
  <reporter-output>
  </reporter-output>
  <suite started-at="2025-09-25T05:22:20 IST" name="Smoke Suite" finished-at="2025-09-25T05:22:32 IST" duration-ms="12540">
    <groups>
    </groups>
    <test started-at="2025-09-25T05:22:20 IST" name="Test" finished-at="2025-09-25T05:22:32 IST" duration-ms="12540">
      <class name="TestNG.Annotations2">
        <test-method signature="ts0()[pri:0, instance:TestNG.Annotations2@459e9125]" started-at="2025-09-25T05:22:32 IST" name="ts0" description="Verify the login Page functionality" finished-at="2025-09-25T05:22:32 IST" duration-ms="3" status="PASS">
          <reporter-output>
          </reporter-output>
        </test-method> <!-- ts0 -->
        <test-method signature="ts3()[pri:0, instance:TestNG.Annotations2@459e9125]" started-at="2025-09-25T05:22:32 IST" name="ts3" finished-at="2025-09-25T05:22:32 IST" duration-ms="4" status="PASS">
          <reporter-output>
          </reporter-output>
        </test-method> <!-- ts3 -->
        <test-method signature="ts3()[pri:0, instance:TestNG.Annotations2@459e9125]" started-at="2025-09-25T05:22:32 IST" name="ts3" finished-at="2025-09-25T05:22:32 IST" duration-ms="3" status="PASS">
          <reporter-output>
          </reporter-output>
        </test-method> <!-- ts3 -->
        <test-method signature="ts3()[pri:0, instance:TestNG.Annotations2@459e9125]" started-at="2025-09-25T05:22:32 IST" name="ts3" finished-at="2025-09-25T05:22:32 IST" duration-ms="4" status="PASS">
          <reporter-output>
          </reporter-output>
        </test-method> <!-- ts3 -->
        <test-method signature="ts2()[pri:1, instance:TestNG.Annotations2@459e9125]" started-at="2025-09-25T05:22:32 IST" name="ts2" finished-at="2025-09-25T05:22:32 IST" duration-ms="4" status="PASS">
          <reporter-output>
          </reporter-output>
        </test-method> <!-- ts2 -->
        <test-method signature="ts1()[pri:2, instance:TestNG.Annotations2@459e9125]" started-at="2025-09-25T05:22:32 IST" name="ts1" finished-at="2025-09-25T05:22:32 IST" duration-ms="3" status="PASS">
          <reporter-output>
          </reporter-output>
        </test-method> <!-- ts1 -->
      </class> <!-- TestNG.Annotations2 -->
      <class name="TestNG.Fast">
        <test-method is-config="true" signature="launchApp()[pri:0, instance:TestNG.Fast@16d04d3d]" started-at="2025-09-25T05:22:20 IST" name="launchApp" finished-at="2025-09-25T05:22:32 IST" duration-ms="12145" status="PASS">
          <reporter-output>
          </reporter-output>
        </test-method> <!-- launchApp -->
        <test-method signature="Speed()[pri:0, instance:TestNG.Fast@16d04d3d]" started-at="2025-09-25T05:22:32 IST" name="Speed" finished-at="2025-09-25T05:22:32 IST" duration-ms="157" status="PASS">
          <reporter-output>
          </reporter-output>
        </test-method> <!-- Speed -->
        <test-method is-config="true" signature="CloseApp()[pri:0, instance:TestNG.Fast@16d04d3d]" started-at="2025-09-25T05:22:32 IST" name="CloseApp" finished-at="2025-09-25T05:22:32 IST" duration-ms="121" status="PASS">
          <reporter-output>
          </reporter-output>
        </test-method> <!-- CloseApp -->
      </class> <!-- TestNG.Fast -->
    </test> <!-- Test -->
  </suite> <!-- Smoke Suite -->
</testng-results>
