<?xml version="1.0" encoding="UTF-8"?>
<!-- Generated by org.testng.reporters.JUnitXMLReporter -->
<testsuite ignored="0" hostname="DESKTOP-EHF4V10" failures="0" tests="7" name="Test" time="12.54" errors="0" timestamp="2025-09-25T05:22:32 IST">
  <testcase classname="TestNG.Fast" name="Speed" time="0.157"/>
  <testcase classname="TestNG.Annotations2" name="ts0" time="0.003"/>
  <testcase classname="TestNG.Annotations2" name="ts3" time="0.004"/>
  <testcase classname="TestNG.Annotations2" name="ts3" time="0.003"/>
  <testcase classname="TestNG.Annotations2" name="ts3" time="0.004"/>
  <testcase classname="TestNG.Annotations2" name="ts2" time="0.004"/>
  <testcase classname="TestNG.Annotations2" name="ts1" time="0.003"/>
</testsuite> <!-- Test -->
